<?xml version="1.0" encoding="UTF-8"?>
<!-- Generated by org.testng.reporters.JUnitReportReporter -->
<testsuite hostname="VPL-RDS01" failures="0" tests="1" name="com.AllCode.OtherSites.DataFromSheet" time="935.594" errors="0" timestamp="2023-12-13T04:37:38 PST" skipped="0">
  <testcase classname="com.AllCode.OtherSites.DataFromSheet" name="ExcelSheetData" time="935.594"/>
  <system-out/>
</testsuite> <!-- com.AllCode.OtherSites.DataFromSheet -->
